<?xml version="1.0" encoding="UTF-8"?>
<!-- Generated by org.testng.reporters.JUnitReportReporter -->
<testsuite hostname="AymanHussein" failures="0" tests="1" name="BDD.StartOver.A017TestNG" time="18.876" errors="0" timestamp="2025-06-19T07:34:01 CDT" skipped="0">
  <testcase classname="BDD.StartOver.A017TestNG" name="LoginTest" time="18.876"/>
</testsuite> <!-- BDD.StartOver.A017TestNG -->
